<?xml version="1.0" encoding="UTF-8"?>
<!-- Generated by org.testng.reporters.JUnitReportReporter -->
<testsuite hostname="LAPTOP-8Q1BFIQG" failures="0" tests="1" name="com.Jtest.App" time="11.539" errors="0" timestamp="2024-01-03T22:47:23 IST" skipped="0">
  <testcase classname="com.Jtest.App" name="jmain" time="11.539"/>
  <system-out/>
</testsuite> <!-- com.Jtest.App -->
